[8/5/2019 21:41:25] /t thais
[8/5/2019 21:41:39] /tp thais
[8/5/2019 21:42:16] /town Thais
[8/5/2019 21:42:27] /town thais
[8/5/2019 21:42:30] /town 
[8/5/2019 21:42:35] /town venore
[8/5/2019 21:46:32] /c test
[8/5/2019 21:50:19] /t thais
[8/5/2019 21:50:47] /goto thais
[8/5/2019 21:53:9] /t Thais
[8/5/2019 21:53:32] /goto test
[8/5/2019 21:54:47] /t thais
[8/5/2019 21:54:53] /c thais
[8/5/2019 21:55:2] /t Ttestt
[8/5/2019 21:55:23] /t Thais
[8/5/2019 22:43:20] /goto Hairycles
[8/5/2019 22:43:30] /c Hairycles
[8/5/2019 22:44:23] /goto Hairycles
[8/5/2019 22:44:32] /goto 174
[8/5/2019 22:44:38] /goto "Hairycles"
[8/5/2019 23:21:47] /a 100
[8/5/2019 23:21:53] /tp Thais
[8/5/2019 23:21:57] /t Thais
[8/5/2019 23:22:5] /t Venore
[8/5/2019 23:22:19] /goto Ttestt
[8/5/2019 23:22:32] /goto Ttestt
[8/5/2019 23:22:49] /goto Hairycles
[8/5/2019 23:23:5] /goto Marlin
[8/5/2019 23:23:11] /goto Ttestt
[8/5/2019 23:33:50] /goto Hairycles
[8/5/2019 23:34:1] /goto Ttestt
[8/5/2019 23:40:36] /goto Ttestt
[8/5/2019 23:40:54] /pos
[8/5/2019 23:41:17] /pos
[8/5/2019 23:41:34] /pos
[8/5/2019 23:42:12] /pos
[8/5/2019 23:42:44] /pos
[8/5/2019 23:42:48] /pos
[8/5/2019 23:42:56] /pos
[8/5/2019 23:43:38] /pos
[8/5/2019 23:43:56] /pos
[8/5/2019 23:45:40] /goto Haircles
[8/5/2019 23:45:44] /goto Rashid
[8/5/2019 23:46:43] /goto Frodo
[8/5/2019 23:51:0] /goto Hairycles
[8/5/2019 23:51:20] /goto Hairycles
[8/5/2019 23:54:9] /goto Hairycles
